d:\bigboiben(not ben lol)\firesimulation_demo\swarmai\consoleapplication1\debug\vc140.pdb
d:\bigboiben(not ben lol)\firesimulation_demo\swarmai\consoleapplication1\debug\vc140.idb
d:\bigboiben(not ben lol)\firesimulation_demo\swarmai\consoleapplication1\debug\cameraclass.obj
d:\bigboiben(not ben lol)\firesimulation_demo\swarmai\consoleapplication1\debug\colorshaderclass.obj
d:\bigboiben(not ben lol)\firesimulation_demo\swarmai\consoleapplication1\debug\d3dclass.obj
d:\bigboiben(not ben lol)\firesimulation_demo\swarmai\consoleapplication1\debug\graphicsclass.obj
d:\bigboiben(not ben lol)\firesimulation_demo\swarmai\consoleapplication1\debug\inputclass.obj
d:\bigboiben(not ben lol)\firesimulation_demo\swarmai\consoleapplication1\debug\main.obj
d:\bigboiben(not ben lol)\firesimulation_demo\swarmai\consoleapplication1\debug\modelclass.obj
d:\bigboiben(not ben lol)\firesimulation_demo\swarmai\consoleapplication1\debug\particleshaderclass.obj
d:\bigboiben(not ben lol)\firesimulation_demo\swarmai\consoleapplication1\debug\particlesystemclass.obj
d:\bigboiben(not ben lol)\firesimulation_demo\swarmai\consoleapplication1\debug\positionclass.obj
d:\bigboiben(not ben lol)\firesimulation_demo\swarmai\consoleapplication1\debug\systemclass.obj
d:\bigboiben(not ben lol)\firesimulation_demo\swarmai\consoleapplication1\debug\textureclass.obj
d:\bigboiben(not ben lol)\firesimulation_demo\swarmai\consoleapplication1\debug\timerclass.obj
d:\bigboiben(not ben lol)\firesimulation_demo\swarmai\debug\consoleapplication1.pdb
d:\bigboiben(not ben lol)\firesimulation_demo\swarmai\consoleapplication1\debug\consolea.d404632a.tlog\cl.command.1.tlog
d:\bigboiben(not ben lol)\firesimulation_demo\swarmai\consoleapplication1\debug\consolea.d404632a.tlog\cl.read.1.tlog
d:\bigboiben(not ben lol)\firesimulation_demo\swarmai\consoleapplication1\debug\consolea.d404632a.tlog\cl.write.1.tlog
d:\bigboiben(not ben lol)\firesimulation_demo\swarmai\consoleapplication1\debug\consolea.d404632a.tlog\link-cvtres.read.1.tlog
d:\bigboiben(not ben lol)\firesimulation_demo\swarmai\consoleapplication1\debug\consolea.d404632a.tlog\link-cvtres.write.1.tlog
d:\bigboiben(not ben lol)\firesimulation_demo\swarmai\consoleapplication1\debug\consolea.d404632a.tlog\link-rc.read.1.tlog
d:\bigboiben(not ben lol)\firesimulation_demo\swarmai\consoleapplication1\debug\consolea.d404632a.tlog\link-rc.write.1.tlog
d:\bigboiben(not ben lol)\firesimulation_demo\swarmai\consoleapplication1\debug\consolea.d404632a.tlog\link.command.1.tlog
d:\bigboiben(not ben lol)\firesimulation_demo\swarmai\consoleapplication1\debug\consolea.d404632a.tlog\link.read.1.tlog
d:\bigboiben(not ben lol)\firesimulation_demo\swarmai\consoleapplication1\debug\consolea.d404632a.tlog\link.write.1.tlog
